kernel_name = _Z9vectorAddPKfS0_PfS1_i 
kernel_launch_uid = 1 

Kernel Average Power Data:
kernel_avg_power = 69.8422
gpu_avg_IBP, = 0.0158366
gpu_avg_ICP, = 0.316013
gpu_avg_DCP, = 0.851424
gpu_avg_TCP, = 0
gpu_avg_CCP, = 0.790181
gpu_avg_SHRDP, = 0
gpu_avg_RFP, = 4.73299
gpu_avg_SPP, = 3.03777
gpu_avg_SFUP, = 0.967268
gpu_avg_FPUP, = 2.82797
gpu_avg_SCHEDP, = 0.223308
gpu_avg_L2CP, = 2.39201
gpu_avg_MCP, = 3.35977
gpu_avg_NOCP, = 5.49975
gpu_avg_DRAMP, = 28.5614
gpu_avg_PIPEP, = 5.31168
gpu_avg_IDLE_COREP, = 1.13117
gpu_avg_CONST_DYNAMICP = 9.82366
gpu_avg_TOT_INST, = 3129.93
gpu_avg_FP_INT, = 2905.93
gpu_avg_IC_H, = 1565.14
gpu_avg_IC_M, = 58.2857
gpu_avg_DC_RH, = 0
gpu_avg_DC_RM, = 223.286
gpu_avg_DC_WH, = 0
gpu_avg_DC_WM, = 111.643
gpu_avg_TC_H, = 0
gpu_avg_TC_M, = 0
gpu_avg_CC_H, = 412.643
gpu_avg_CC_M, = 34.2857
gpu_avg_SHRD_ACC, = 0
gpu_avg_REG_RD, = 117963
gpu_avg_REG_WR, = 73170.3
gpu_avg_NON_REG_OPs, = 39344
gpu_avg_SP_ACC, = 805200
gpu_avg_SFU_ACC, = 14289.1
gpu_avg_FPU_ACC, = 68288.9
gpu_avg_MEM_RD, = 670
gpu_avg_MEM_WR, = 223.071
gpu_avg_MEM_PRE, = 25.4286
gpu_avg_L2_RH, = 3
gpu_avg_L2_RM, = 223.5
gpu_avg_L2_WH, = 0
gpu_avg_L2_WM, = 111.643
gpu_avg_NOC_A, = 2026.43
gpu_avg_PIPE_A, = 0.208614
gpu_avg_IDLE_CORE_N, = 0.711429
gpu_avg_CONST_DYNAMICN = 0

Kernel Maximum Power Data:
kernel_max_power = 110.046
gpu_max_IBP, = 0.0286989
gpu_max_ICP, = 0.528408
gpu_max_DCP, = 2.10267
gpu_max_TCP, = 0
gpu_max_CCP, = 1.57682
gpu_max_SHRDP, = 0
gpu_max_RFP, = 8.59455
gpu_max_SPP, = 2.68917
gpu_max_SFUP, = 0.303263
gpu_max_FPUP, = 5.70992
gpu_max_SCHEDP, = 0.410893
gpu_max_L2CP, = 1.76011
gpu_max_MCP, = 4.62631
gpu_max_NOCP, = 13.3231
gpu_max_DRAMP, = 48.6181
gpu_max_PIPEP, = 9.95044
gpu_max_IDLE_COREP, = 0
gpu_max_CONST_DYNAMICP = 9.82366
gpu_max_TOT_INST, = 5672
gpu_max_FP_INT, = 5347
gpu_max_IC_H, = 2838
gpu_max_IC_M, = 91
gpu_max_DC_RH, = 0
gpu_max_DC_RM, = 589
gpu_max_DC_WH, = 0
gpu_max_DC_WM, = 237
gpu_max_TC_H, = 0
gpu_max_TC_M, = 0
gpu_max_CC_H, = 872
gpu_max_CC_M, = 0
gpu_max_SHRD_ACC, = 0
gpu_max_REG_RD, = 257120
gpu_max_REG_WR, = 141024
gpu_max_NON_REG_OPs, = 64640
gpu_max_SP_ACC, = 712800
gpu_max_SFU_ACC, = 4480
gpu_max_FPU_ACC, = 137881
gpu_max_MEM_RD, = 1351
gpu_max_MEM_WR, = 10
gpu_max_MEM_PRE, = 11
gpu_max_L2_RH, = 8
gpu_max_L2_RM, = 469
gpu_max_L2_WH, = 0
gpu_max_L2_WM, = 79
gpu_max_NOC_A, = 4909
gpu_max_PIPE_A, = 0.3908
gpu_max_IDLE_CORE_N, = 0
gpu_max_CONST_DYNAMICN = 0

Kernel Minimum Power Data:
kernel_min_power = 32.0491
gpu_min_IBP, = 0.000445258
gpu_min_ICP, = 0.00381875
gpu_min_DCP, = 0.03987
gpu_min_TCP, = 0
gpu_min_CCP, = 0.0235076
gpu_min_SHRDP, = 0
gpu_min_RFP, = 0.113031
gpu_min_SPP, = 0.0422541
gpu_min_SFUP, = 0
gpu_min_FPUP, = 0.114131
gpu_min_SCHEDP, = 0.00576341
gpu_min_L2CP, = 0.462749
gpu_min_MCP, = 1.58594
gpu_min_NOCP, = 0.393532
gpu_min_DRAMP, = 5.17367
gpu_min_PIPEP, = 0.220668
gpu_min_IDLE_COREP, = 14.0461
gpu_min_CONST_DYNAMICP = 9.82366
gpu_min_TOT_INST, = 88
gpu_min_FP_INT, = 75
gpu_min_IC_H, = 43
gpu_min_IC_M, = 0
gpu_min_DC_RH, = 0
gpu_min_DC_RM, = 0
gpu_min_DC_WH, = 0
gpu_min_DC_WM, = 16
gpu_min_TC_H, = 0
gpu_min_TC_M, = 0
gpu_min_CC_H, = 13
gpu_min_CC_M, = 0
gpu_min_SHRD_ACC, = 0
gpu_min_REG_RD, = 5888
gpu_min_REG_WR, = 2656
gpu_min_NON_REG_OPs, = 416
gpu_min_SP_ACC, = 11200
gpu_min_SFU_ACC, = 0
gpu_min_FPU_ACC, = 2756
gpu_min_MEM_RD, = 96
gpu_min_MEM_WR, = 86
gpu_min_MEM_PRE, = 5
gpu_min_L2_RH, = 0
gpu_min_L2_RM, = 0
gpu_min_L2_WH, = 0
gpu_min_L2_WM, = 22
gpu_min_NOC_A, = 145
gpu_min_PIPE_A, = 0.00866666
gpu_min_IDLE_CORE_N, = 8.834
gpu_min_CONST_DYNAMICN = 0

Accumulative Power Statistics Over Previous Kernels:
gpu_tot_avg_power = 69.8422
gpu_tot_max_power = 110.046
gpu_tot_min_power = 32.0491


