kernel_name = _Z9vectorAddPKfS0_PfS1_i 
kernel_launch_uid = 1 

Kernel Average Power Data:
kernel_avg_power = 76.6928
gpu_avg_IBP, = 0.0144375
gpu_avg_ICP, = 0.302302
gpu_avg_DCP, = 0.937207
gpu_avg_TCP, = 0
gpu_avg_CCP, = 0.816992
gpu_avg_SHRDP, = 0
gpu_avg_RFP, = 4.63124
gpu_avg_SPP, = 2.77914
gpu_avg_SFUP, = 0.796574
gpu_avg_FPUP, = 8.05489
gpu_avg_SCHEDP, = 0.205096
gpu_avg_L2CP, = 1.98303
gpu_avg_MCP, = 3.403
gpu_avg_NOCP, = 6.02623
gpu_avg_DRAMP, = 30.3836
gpu_avg_PIPEP, = 4.84252
gpu_avg_IDLE_COREP, = 1.69288
gpu_avg_CONST_DYNAMICP = 9.82366
gpu_avg_TOT_INST, = 2853.41
gpu_avg_FP_INT, = 2668.94
gpu_avg_IC_H, = 1472.82
gpu_avg_IC_M, = 56.4706
gpu_avg_DC_RH, = 0
gpu_avg_DC_RM, = 275.824
gpu_avg_DC_WH, = 0
gpu_avg_DC_WM, = 91.9412
gpu_avg_TC_H, = 0
gpu_avg_TC_M, = 0
gpu_avg_CC_H, = 431.765
gpu_avg_CC_M, = 28.2353
gpu_avg_SHRD_ACC, = 0
gpu_avg_REG_RD, = 100088
gpu_avg_REG_WR, = 66051.8
gpu_avg_NON_REG_OPs, = 41227.3
gpu_avg_SP_ACC, = 736647
gpu_avg_SFU_ACC, = 11767.5
gpu_avg_FPU_ACC, = 194507
gpu_avg_MEM_RD, = 735.529
gpu_avg_MEM_WR, = 183.588
gpu_avg_MEM_PRE, = 69.4706
gpu_avg_L2_RH, = 2.47059
gpu_avg_L2_RM, = 276
gpu_avg_L2_WH, = 0
gpu_avg_L2_WM, = 91.9412
gpu_avg_NOC_A, = 2220.41
gpu_avg_PIPE_A, = 0.190188
gpu_avg_IDLE_CORE_N, = 1.06471
gpu_avg_CONST_DYNAMICN = 0

Kernel Maximum Power Data:
kernel_max_power = 125.964
gpu_max_IBP, = 0.0224653
gpu_max_ICP, = 0.214205
gpu_max_DCP, = 2.36825
gpu_max_TCP, = 0
gpu_max_CCP, = 1.29111
gpu_max_SHRDP, = 0
gpu_max_RFP, = 7.41084
gpu_max_SPP, = 2.16703
gpu_max_SFUP, = 0
gpu_max_FPUP, = 28.3231
gpu_max_SCHEDP, = 0.310917
gpu_max_L2CP, = 4.28938
gpu_max_MCP, = 4.4385
gpu_max_NOCP, = 14.653
gpu_max_DRAMP, = 41.793
gpu_max_PIPEP, = 8.85899
gpu_max_IDLE_COREP, = 0
gpu_max_CONST_DYNAMICP = 9.82366
gpu_max_TOT_INST, = 4440
gpu_max_FP_INT, = 4046
gpu_max_IC_H, = 2412
gpu_max_IC_M, = 0
gpu_max_DC_RH, = 0
gpu_max_DC_RM, = 542
gpu_max_DC_WH, = 0
gpu_max_DC_WM, = 392
gpu_max_TC_H, = 0
gpu_max_TC_M, = 0
gpu_max_CC_H, = 714
gpu_max_CC_M, = 0
gpu_max_SHRD_ACC, = 0
gpu_max_REG_RD, = 211680
gpu_max_REG_WR, = 117280
gpu_max_NON_REG_OPs, = 57600
gpu_max_SP_ACC, = 574400
gpu_max_SFU_ACC, = 0
gpu_max_FPU_ACC, = 683937
gpu_max_MEM_RD, = 1081
gpu_max_MEM_WR, = 104
gpu_max_MEM_PRE, = 175
gpu_max_L2_RH, = 0
gpu_max_L2_RM, = 578
gpu_max_L2_WH, = 0
gpu_max_L2_WM, = 200
gpu_max_NOC_A, = 5399
gpu_max_PIPE_A, = 0.347933
gpu_max_IDLE_CORE_N, = 0
gpu_max_CONST_DYNAMICN = 0

Kernel Minimum Power Data:
kernel_min_power = 33.4729
gpu_min_IBP, = 0.000283346
gpu_min_ICP, = 0.00284186
gpu_min_DCP, = 0.019935
gpu_min_TCP, = 0
gpu_min_CCP, = 0.0144662
gpu_min_SHRDP, = 0
gpu_min_RFP, = 0.0652685
gpu_min_SPP, = 0.0241452
gpu_min_SFUP, = 0
gpu_min_FPUP, = 0.565521
gpu_min_SCHEDP, = 0.00368858
gpu_min_L2CP, = 0.190164
gpu_min_MCP, = 1.36645
gpu_min_NOCP, = 0.363678
gpu_min_DRAMP, = 2.61201
gpu_min_PIPEP, = 0.135796
gpu_min_IDLE_COREP, = 18.285
gpu_min_CONST_DYNAMICP = 9.82366
gpu_min_TOT_INST, = 56
gpu_min_FP_INT, = 48
gpu_min_IC_H, = 32
gpu_min_IC_M, = 0
gpu_min_DC_RH, = 0
gpu_min_DC_RM, = 0
gpu_min_DC_WH, = 0
gpu_min_DC_WM, = 8
gpu_min_TC_H, = 0
gpu_min_TC_M, = 0
gpu_min_CC_H, = 8
gpu_min_CC_M, = 0
gpu_min_SHRD_ACC, = 0
gpu_min_REG_RD, = 3072
gpu_min_REG_WR, = 1792
gpu_min_NON_REG_OPs, = 256
gpu_min_SP_ACC, = 6400
gpu_min_SFU_ACC, = 0
gpu_min_FPU_ACC, = 13656
gpu_min_MEM_RD, = 56
gpu_min_MEM_WR, = 30
gpu_min_MEM_PRE, = 2
gpu_min_L2_RH, = 0
gpu_min_L2_RM, = 6
gpu_min_L2_WH, = 0
gpu_min_L2_WM, = 9
gpu_min_NOC_A, = 134
gpu_min_PIPE_A, = 0.00533333
gpu_min_IDLE_CORE_N, = 11.5
gpu_min_CONST_DYNAMICN = 0

Accumulative Power Statistics Over Previous Kernels:
gpu_tot_avg_power = 76.6928
gpu_tot_max_power = 125.964
gpu_tot_min_power = 33.4729


