kernel_name = _Z9vectorAddPKfS0_PfS1_i 
kernel_launch_uid = 1 

Kernel Average Power Data:
kernel_avg_power = 81.0221
gpu_avg_IBP, = 0.0163278
gpu_avg_ICP, = 0.343147
gpu_avg_DCP, = 0.995471
gpu_avg_TCP, = 0
gpu_avg_CCP, = 0.868054
gpu_avg_SHRDP, = 0
gpu_avg_RFP, = 4.93179
gpu_avg_SPP, = 2.95283
gpu_avg_SFUP, = 0.84636
gpu_avg_FPUP, = 8.9183
gpu_avg_SCHEDP, = 0.232928
gpu_avg_L2CP, = 2.10384
gpu_avg_MCP, = 3.53983
gpu_avg_NOCP, = 6.41576
gpu_avg_DRAMP, = 32.196
gpu_avg_PIPEP, = 5.47618
gpu_avg_IDLE_COREP, = 1.36164
gpu_avg_CONST_DYNAMICP = 9.82366
gpu_avg_TOT_INST, = 3227
gpu_avg_FP_INT, = 3031.12
gpu_avg_IC_H, = 1662.44
gpu_avg_IC_M, = 64.375
gpu_avg_DC_RH, = 0
gpu_avg_DC_RM, = 293.062
gpu_avg_DC_WH, = 0
gpu_avg_DC_WM, = 97.5625
gpu_avg_TC_H, = 0
gpu_avg_TC_M, = 0
gpu_avg_CC_H, = 458.75
gpu_avg_CC_M, = 30
gpu_avg_SHRD_ACC, = 0
gpu_avg_REG_RD, = 125092
gpu_avg_REG_WR, = 76426
gpu_avg_NON_REG_OPs, = 40678
gpu_avg_SP_ACC, = 782688
gpu_avg_SFU_ACC, = 12503
gpu_avg_FPU_ACC, = 215356
gpu_avg_MEM_RD, = 781.125
gpu_avg_MEM_WR, = 194.438
gpu_avg_MEM_PRE, = 63.5625
gpu_avg_L2_RH, = 3.5
gpu_avg_L2_RM, = 293.312
gpu_avg_L2_WH, = 0
gpu_avg_L2_WM, = 97.375
gpu_avg_NOC_A, = 2363.94
gpu_avg_PIPE_A, = 0.215075
gpu_avg_IDLE_CORE_N, = 0.856375
gpu_avg_CONST_DYNAMICN = 0

Kernel Maximum Power Data:
kernel_max_power = 122.242
gpu_max_IBP, = 0.0237201
gpu_max_ICP, = 0.852142
gpu_max_DCP, = 2.0671
gpu_max_TCP, = 0
gpu_max_CCP, = 1.53342
gpu_max_SHRDP, = 0
gpu_max_RFP, = 7.24329
gpu_max_SPP, = 2.84309
gpu_max_SFUP, = 0.745159
gpu_max_FPUP, = 22.1912
gpu_max_SCHEDP, = 0.336737
gpu_max_L2CP, = 2.1315
gpu_max_MCP, = 4.48617
gpu_max_NOCP, = 12.9648
gpu_max_DRAMP, = 46.384
gpu_max_PIPEP, = 8.61625
gpu_max_IDLE_COREP, = 0
gpu_max_CONST_DYNAMICP = 9.82366
gpu_max_TOT_INST, = 4688
gpu_max_FP_INT, = 4382
gpu_max_IC_H, = 2448
gpu_max_IC_M, = 209
gpu_max_DC_RH, = 0
gpu_max_DC_RM, = 580
gpu_max_DC_WH, = 0
gpu_max_DC_WM, = 232
gpu_max_TC_H, = 0
gpu_max_TC_M, = 0
gpu_max_CC_H, = 848
gpu_max_CC_M, = 0
gpu_max_SHRD_ACC, = 0
gpu_max_REG_RD, = 218112
gpu_max_REG_WR, = 117248
gpu_max_NON_REG_OPs, = 54464
gpu_max_SP_ACC, = 753600
gpu_max_SFU_ACC, = 11008
gpu_max_FPU_ACC, = 535866
gpu_max_MEM_RD, = 1269
gpu_max_MEM_WR, = 25
gpu_max_MEM_PRE, = 79
gpu_max_L2_RH, = 12
gpu_max_L2_RM, = 603
gpu_max_L2_WH, = 0
gpu_max_L2_WM, = 95
gpu_max_NOC_A, = 4777
gpu_max_PIPE_A, = 0.3384
gpu_max_IDLE_CORE_N, = 0
gpu_max_CONST_DYNAMICN = 0

Kernel Minimum Power Data:
kernel_min_power = 34.5471
gpu_min_IBP, = 0.000475616
gpu_min_ICP, = 0.00461803
gpu_min_DCP, = 0.0377549
gpu_min_TCP, = 0
gpu_min_CCP, = 0.0289324
gpu_min_SHRDP, = 0
gpu_min_RFP, = 0.124062
gpu_min_SPP, = 0.0482904
gpu_min_SFUP, = 0
gpu_min_FPUP, = 0.781401
gpu_min_SCHEDP, = 0.00645502
gpu_min_L2CP, = 0.274443
gpu_min_MCP, = 1.44204
gpu_min_NOCP, = 0.388104
gpu_min_DRAMP, = 3.52615
gpu_min_PIPEP, = 0.198601
gpu_min_IDLE_COREP, = 17.8621
gpu_min_CONST_DYNAMICP = 9.82366
gpu_min_TOT_INST, = 94
gpu_min_FP_INT, = 84
gpu_min_IC_H, = 52
gpu_min_IC_M, = 0
gpu_min_DC_RH, = 0
gpu_min_DC_RM, = 5
gpu_min_DC_WH, = 0
gpu_min_DC_WM, = 10
gpu_min_TC_H, = 0
gpu_min_TC_M, = 0
gpu_min_CC_H, = 16
gpu_min_CC_M, = 0
gpu_min_SHRD_ACC, = 0
gpu_min_REG_RD, = 5184
gpu_min_REG_WR, = 2560
gpu_min_NON_REG_OPs, = 672
gpu_min_SP_ACC, = 12800
gpu_min_SFU_ACC, = 0
gpu_min_FPU_ACC, = 18869
gpu_min_MEM_RD, = 72
gpu_min_MEM_WR, = 46
gpu_min_MEM_PRE, = 6
gpu_min_L2_RH, = 0
gpu_min_L2_RM, = 7
gpu_min_L2_WH, = 0
gpu_min_L2_WM, = 13
gpu_min_NOC_A, = 143
gpu_min_PIPE_A, = 0.0078
gpu_min_IDLE_CORE_N, = 11.234
gpu_min_CONST_DYNAMICN = 0

Accumulative Power Statistics Over Previous Kernels:
gpu_tot_avg_power = 81.0221
gpu_tot_max_power = 122.242
gpu_tot_min_power = 34.5471


