kernel_name = _Z9vectorAddPKfS0_PfS1_i 
kernel_launch_uid = 1 

Kernel Average Power Data:
kernel_avg_power = 68.4319
gpu_avg_IBP, = 0.014142
gpu_avg_ICP, = 0.337336
gpu_avg_DCP, = 0.851424
gpu_avg_TCP, = 0
gpu_avg_CCP, = 0.790181
gpu_avg_SHRDP, = 0
gpu_avg_RFP, = 4.65251
gpu_avg_SPP, = 3.03777
gpu_avg_SFUP, = 0.967268
gpu_avg_FPUP, = 2.15308
gpu_avg_SCHEDP, = 0.19757
gpu_avg_L2CP, = 2.39201
gpu_avg_MCP, = 3.35426
gpu_avg_NOCP, = 5.49781
gpu_avg_DRAMP, = 28.4336
gpu_avg_PIPEP, = 4.74316
gpu_avg_IDLE_COREP, = 1.18614
gpu_avg_CONST_DYNAMICP = 9.82366
gpu_avg_TOT_INST, = 2795
gpu_avg_FP_INT, = 2571
gpu_avg_IC_H, = 1453.5
gpu_avg_IC_M, = 68.5714
gpu_avg_DC_RH, = 0
gpu_avg_DC_RM, = 223.286
gpu_avg_DC_WH, = 0
gpu_avg_DC_WM, = 111.643
gpu_avg_TC_H, = 0
gpu_avg_TC_M, = 0
gpu_avg_CC_H, = 412.643
gpu_avg_CC_M, = 34.2857
gpu_avg_SHRD_ACC, = 0
gpu_avg_REG_RD, = 92955.4
gpu_avg_REG_WR, = 62290.3
gpu_avg_NON_REG_OPs, = 42916.6
gpu_avg_SP_ACC, = 805200
gpu_avg_SFU_ACC, = 14289.1
gpu_avg_FPU_ACC, = 51991.7
gpu_avg_MEM_RD, = 668.714
gpu_avg_MEM_WR, = 221.786
gpu_avg_MEM_PRE, = 15.9286
gpu_avg_L2_RH, = 3
gpu_avg_L2_RM, = 223.5
gpu_avg_L2_WH, = 0
gpu_avg_L2_WM, = 111.643
gpu_avg_NOC_A, = 2025.71
gpu_avg_PIPE_A, = 0.186286
gpu_avg_IDLE_CORE_N, = 0.746
gpu_avg_CONST_DYNAMICN = 0

Kernel Maximum Power Data:
kernel_max_power = 99.2593
gpu_max_IBP, = 0.0255214
gpu_max_ICP, = 0.227882
gpu_max_DCP, = 1.63126
gpu_max_TCP, = 0
gpu_max_CCP, = 1.4195
gpu_max_SHRDP, = 0
gpu_max_RFP, = 8.58628
gpu_max_SPP, = 3.80287
gpu_max_SFUP, = 1.22171
gpu_max_FPUP, = 3.9695
gpu_max_SCHEDP, = 0.371394
gpu_max_L2CP, = 0.764696
gpu_max_MCP, = 4.32197
gpu_max_NOCP, = 9.57232
gpu_max_DRAMP, = 45.4273
gpu_max_PIPEP, = 8.09344
gpu_max_IDLE_COREP, = 0
gpu_max_CONST_DYNAMICP = 9.82366
gpu_max_TOT_INST, = 5044
gpu_max_FP_INT, = 4833
gpu_max_IC_H, = 2566
gpu_max_IC_M, = 0
gpu_max_DC_RH, = 0
gpu_max_DC_RM, = 550
gpu_max_DC_WH, = 0
gpu_max_DC_WM, = 88
gpu_max_TC_H, = 0
gpu_max_TC_M, = 0
gpu_max_CC_H, = 785
gpu_max_CC_M, = 0
gpu_max_SHRD_ACC, = 0
gpu_max_REG_RD, = 167072
gpu_max_REG_WR, = 115040
gpu_max_NON_REG_OPs, = 79808
gpu_max_SP_ACC, = 1.008e+06
gpu_max_SFU_ACC, = 18048
gpu_max_FPU_ACC, = 95854
gpu_max_MEM_RD, = 1227
gpu_max_MEM_WR, = 74
gpu_max_MEM_PRE, = 7
gpu_max_L2_RH, = 0
gpu_max_L2_RM, = 494
gpu_max_L2_WH, = 0
gpu_max_L2_WM, = 33
gpu_max_NOC_A, = 3527
gpu_max_PIPE_A, = 0.317867
gpu_max_IDLE_CORE_N, = 0
gpu_max_CONST_DYNAMICN = 0

Kernel Minimum Power Data:
kernel_min_power = 33.0194
gpu_min_IBP, = 0.000642588
gpu_min_ICP, = 0.00692704
gpu_min_DCP, = 0.0876677
gpu_min_TCP, = 0
gpu_min_CCP, = 0.0596731
gpu_min_SHRDP, = 0
gpu_min_RFP, = 0.230619
gpu_min_SPP, = 0.0995989
gpu_min_SFUP, = 0
gpu_min_FPUP, = 0.110321
gpu_min_SCHEDP, = 0.00753086
gpu_min_L2CP, = 0.696838
gpu_min_MCP, = 1.67167
gpu_min_NOCP, = 0.939048
gpu_min_DRAMP, = 6.5121
gpu_min_PIPEP, = 0.361556
gpu_min_IDLE_COREP, = 12.4115
gpu_min_CONST_DYNAMICP = 9.82366
gpu_min_TOT_INST, = 127
gpu_min_FP_INT, = 98
gpu_min_IC_H, = 78
gpu_min_IC_M, = 0
gpu_min_DC_RH, = 0
gpu_min_DC_RM, = 6
gpu_min_DC_WH, = 0
gpu_min_DC_WM, = 29
gpu_min_TC_H, = 0
gpu_min_TC_M, = 0
gpu_min_CC_H, = 33
gpu_min_CC_M, = 0
gpu_min_SHRD_ACC, = 0
gpu_min_REG_RD, = 7808
gpu_min_REG_WR, = 3872
gpu_min_NON_REG_OPs, = 1600
gpu_min_SP_ACC, = 26400
gpu_min_SFU_ACC, = 0
gpu_min_FPU_ACC, = 2664
gpu_min_MEM_RD, = 138
gpu_min_MEM_WR, = 78
gpu_min_MEM_PRE, = 4
gpu_min_L2_RH, = 0
gpu_min_L2_RM, = 19
gpu_min_L2_WH, = 0
gpu_min_L2_WM, = 33
gpu_min_NOC_A, = 346
gpu_min_PIPE_A, = 0.0142
gpu_min_IDLE_CORE_N, = 7.806
gpu_min_CONST_DYNAMICN = 0

Accumulative Power Statistics Over Previous Kernels:
gpu_tot_avg_power = 68.4319
gpu_tot_max_power = 99.2593
gpu_tot_min_power = 33.0194


